Arguments: 
  /home/nabil/.nvm/versions/node/v16.13.0/bin/node /home/nabil/.cache/node/corepack/yarn/1.22.19/bin/yarn.js add vanilla-framework

PATH: 
  /home/nabil/.nvm/versions/node/v16.13.0/bin:/home/nabil/micromamba/condabin:/usr/local/sbin:/usr/local/bin:/usr/bin:/usr/lib/jvm/default/bin:/usr/bin/site_perl:/usr/bin/vendor_perl:/usr/bin/core_perl

Yarn version: 
  1.22.19

Node version: 
  16.13.0

Platform: 
  linux x64

Trace: 
  Error: getaddrinfo EAI_AGAIN registry.yarnpkg.com
      at GetAddrInfoReqWrap.onlookup [as oncomplete] (node:dns:71:26)

npm manifest: 
  {
    "name": "vanilla_test",
    "version": "1.0.0",
    "main": "index.js",
    "license": "MIT"
  }

yarn manifest: 
  No manifest

Lockfile: 
  No lockfile
